<?xml version="1.0" encoding="UTF-8"?>
<!-- Generated by org.testng.reporters.JUnitReportReporter -->
<testsuite hostname="DESKTOP-S7VGT8L" failures="0" tests="3" name="StepDefinitions.Test_Runner" time="91.790" errors="0" timestamp="2023-09-08T13:05:20 IST" skipped="0">
  <testcase classname="StepDefinitions.Test_Runner" name="runScenario" time="30.574"/>
  <testcase classname="StepDefinitions.Test_Runner" name="runScenario" time="17.668"/>
  <testcase classname="StepDefinitions.Test_Runner" name="runScenario" time="43.548"/>
</testsuite> <!-- StepDefinitions.Test_Runner -->
